# JRE version: OpenJDK Runtime Environment (11.0.11+9) (build 11.0.11+9-b60-7590822)
# Java VM: OpenJDK 64-Bit Server VM (11.0.11+9-b60-7590822, mixed mode, tiered, compressed oops, g1 gc, windows-amd64)
Heap:
 garbage-first heap   total 131072K, used 65395K [0x00000000a0000000, 0x0000000100000000)
  region size 1024K, 54 young (55296K), 4 survivors (4096K)
 Metaspace       used 26343K, capacity 26926K, committed 27184K, reserved 1073152K
  class space    used 3365K, capacity 3587K, committed 3712K, reserved 1048576K
GC Heap History (10 events):
Event: 0.495 GC heap before
{Heap before GC invocations=0 (full 0):
 garbage-first heap   total 131072K, used 19456K [0x00000000a0000000, 0x0000000100000000)
  region size 1024K, 14 young (14336K), 0 survivors (0K)
 Metaspace       used 7580K, capacity 7737K, committed 7936K, reserved 1056768K
  class space    used 704K, capacity 749K, committed 768K, reserved 1048576K
}
Event: 0.501 GC heap after
{Heap after GC invocations=1 (full 0):
 garbage-first heap   total 131072K, used 8205K [0x00000000a0000000, 0x0000000100000000)
  region size 1024K, 2 young (2048K), 2 survivors (2048K)
 Metaspace       used 7580K, capacity 7737K, committed 7936K, reserved 1056768K
  class space    used 704K, capacity 749K, committed 768K, reserved 1048576K
}
Event: 0.961 GC heap before
{Heap before GC invocations=1 (full 0):
 garbage-first heap   total 131072K, used 19469K [0x00000000a0000000, 0x0000000100000000)
  region size 1024K, 13 young (13312K), 2 survivors (2048K)
 Metaspace       used 10505K, capacity 10765K, committed 11008K, reserved 1058816K
  class space    used 1100K, capacity 1164K, committed 1280K, reserved 1048576K
}
Event: 0.964 GC heap after
{Heap after GC invocations=2 (full 0):
 garbage-first heap   total 131072K, used 8902K [0x00000000a0000000, 0x0000000100000000)
  region size 1024K, 1 young (1024K), 1 survivors (1024K)
 Metaspace       used 10505K, capacity 10765K, committed 11008K, reserved 1058816K
  class space    used 1100K, capacity 1164K, committed 1280K, reserved 1048576K
}
Event: 1.348 GC heap before
{Heap before GC invocations=2 (full 0):
 garbage-first heap   total 131072K, used 37574K [0x00000000a0000000, 0x0000000100000000)
  region size 1024K, 30 young (30720K), 1 survivors (1024K)
 Metaspace       used 10745K, capacity 11045K, committed 11264K, reserved 1058816K
  class space    used 1122K, capacity 1236K, committed 1280K, reserved 1048576K
}
Event: 1.351 GC heap after
{Heap after GC invocations=3 (full 0):
 garbage-first heap   total 131072K, used 13096K [0x00000000a0000000, 0x0000000100000000)
  region size 1024K, 4 young (4096K), 4 survivors (4096K)
 Metaspace       used 10745K, capacity 11045K, committed 11264K, reserved 1058816K
  class space    used 1122K, capacity 1236K, committed 1280K, reserved 1048576K
}
Event: 2.495 GC heap before
{Heap before GC invocations=3 (full 0):
 garbage-first heap   total 131072K, used 55080K [0x00000000a0000000, 0x0000000100000000)
  region size 1024K, 46 young (47104K), 4 survivors (4096K)
 Metaspace       used 19139K, capacity 19477K, committed 19584K, reserved 1067008K
  class space    used 2294K, capacity 2414K, committed 2432K, reserved 1048576K
}
Event: 2.500 GC heap after
{Heap after GC invocations=4 (full 0):
 garbage-first heap   total 131072K, used 15980K [0x00000000a0000000, 0x0000000100000000)
  region size 1024K, 3 young (3072K), 3 survivors (3072K)
 Metaspace       used 19139K, capacity 19477K, committed 19584K, reserved 1067008K
  class space    used 2294K, capacity 2414K, committed 2432K, reserved 1048576K
}
Event: 2.600 GC heap before
{Heap before GC invocations=4 (full 0):
 garbage-first heap   total 131072K, used 22124K [0x00000000a0000000, 0x0000000100000000)
  region size 1024K, 10 young (10240K), 3 survivors (3072K)
 Metaspace       used 20770K, capacity 21186K, committed 21296K, reserved 1069056K
  class space    used 2458K, capacity 2626K, committed 2688K, reserved 1048576K
}
Event: 2.604 GC heap after
{Heap after GC invocations=5 (full 0):
 garbage-first heap   total 131072K, used 16243K [0x00000000a0000000, 0x0000000100000000)
  region size 1024K, 4 young (4096K), 4 survivors (4096K)
 Metaspace       used 20770K, capacity 21186K, committed 21296K, reserved 1069056K
  class space    used 2458K, capacity 2626K, committed 2688K, reserved 1048576K
}

