# JRE version: OpenJDK Runtime Environment (11.0.11+9) (build 11.0.11+9-b60-7590822)
# Java VM: OpenJDK 64-Bit Server VM (11.0.11+9-b60-7590822, mixed mode, tiered, compressed oops, g1 gc, windows-amd64)
Heap:
 garbage-first heap   total 131072K, used 66577K [0x00000000a0000000, 0x0000000100000000)
  region size 1024K, 50 young (51200K), 5 survivors (5120K)
 Metaspace       used 35198K, capacity 35810K, committed 35888K, reserved 1081344K
  class space    used 4436K, capacity 4696K, committed 4736K, reserved 1048576K
GC Heap History (12 events):
Event: 0.460 GC heap before
{Heap before GC invocations=0 (full 0):
 garbage-first heap   total 131072K, used 19456K [0x00000000a0000000, 0x0000000100000000)
  region size 1024K, 14 young (14336K), 0 survivors (0K)
 Metaspace       used 7564K, capacity 7733K, committed 7936K, reserved 1056768K
  class space    used 704K, capacity 749K, committed 768K, reserved 1048576K
}
Event: 0.463 GC heap after
{Heap after GC invocations=1 (full 0):
 garbage-first heap   total 131072K, used 7691K [0x00000000a0000000, 0x0000000100000000)
  region size 1024K, 2 young (2048K), 2 survivors (2048K)
 Metaspace       used 7564K, capacity 7733K, committed 7936K, reserved 1056768K
  class space    used 704K, capacity 749K, committed 768K, reserved 1048576K
}
Event: 0.750 GC heap before
{Heap before GC invocations=1 (full 0):
 garbage-first heap   total 131072K, used 18955K [0x00000000a0000000, 0x0000000100000000)
  region size 1024K, 13 young (13312K), 2 survivors (2048K)
 Metaspace       used 10488K, capacity 10761K, committed 11008K, reserved 1058816K
  class space    used 1101K, capacity 1164K, committed 1280K, reserved 1048576K
}
Event: 0.753 GC heap after
{Heap after GC invocations=2 (full 0):
 garbage-first heap   total 131072K, used 8480K [0x00000000a0000000, 0x0000000100000000)
  region size 1024K, 1 young (1024K), 1 survivors (1024K)
 Metaspace       used 10488K, capacity 10761K, committed 11008K, reserved 1058816K
  class space    used 1101K, capacity 1164K, committed 1280K, reserved 1048576K
}
Event: 4.504 GC heap before
{Heap before GC invocations=2 (full 0):
 garbage-first heap   total 131072K, used 37152K [0x00000000a0000000, 0x0000000100000000)
  region size 1024K, 30 young (30720K), 1 survivors (1024K)
 Metaspace       used 10735K, capacity 11041K, committed 11264K, reserved 1058816K
  class space    used 1125K, capacity 1236K, committed 1280K, reserved 1048576K
}
Event: 4.507 GC heap after
{Heap after GC invocations=3 (full 0):
 garbage-first heap   total 131072K, used 12956K [0x00000000a0000000, 0x0000000100000000)
  region size 1024K, 4 young (4096K), 4 survivors (4096K)
 Metaspace       used 10735K, capacity 11041K, committed 11264K, reserved 1058816K
  class space    used 1125K, capacity 1236K, committed 1280K, reserved 1048576K
}
Event: 5.406 GC heap before
{Heap before GC invocations=3 (full 0):
 garbage-first heap   total 131072K, used 55964K [0x00000000a0000000, 0x0000000100000000)
  region size 1024K, 46 young (47104K), 4 survivors (4096K)
 Metaspace       used 19725K, capacity 20145K, committed 20480K, reserved 1067008K
  class space    used 2307K, capacity 2446K, committed 2560K, reserved 1048576K
}
Event: 5.411 GC heap after
{Heap after GC invocations=4 (full 0):
 garbage-first heap   total 131072K, used 15417K [0x00000000a0000000, 0x0000000100000000)
  region size 1024K, 3 young (3072K), 3 survivors (3072K)
 Metaspace       used 19725K, capacity 20145K, committed 20480K, reserved 1067008K
  class space    used 2307K, capacity 2446K, committed 2560K, reserved 1048576K
}
Event: 5.510 GC heap before
{Heap before GC invocations=4 (full 0):
 garbage-first heap   total 131072K, used 20537K [0x00000000a0000000, 0x0000000100000000)
  region size 1024K, 9 young (9216K), 3 survivors (3072K)
 Metaspace       used 20752K, capacity 21182K, committed 21296K, reserved 1069056K
  class space    used 2461K, capacity 2626K, committed 2688K, reserved 1048576K
}
Event: 5.514 GC heap after
{Heap after GC invocations=5 (full 0):
 garbage-first heap   total 131072K, used 15820K [0x00000000a0000000, 0x0000000100000000)
  region size 1024K, 4 young (4096K), 4 survivors (4096K)
 Metaspace       used 20752K, capacity 21182K, committed 21296K, reserved 1069056K
  class space    used 2461K, capacity 2626K, committed 2688K, reserved 1048576K
}
Event: 6.195 GC heap before
{Heap before GC invocations=6 (full 0):
 garbage-first heap   total 131072K, used 64972K [0x00000000a0000000, 0x0000000100000000)
  region size 1024K, 52 young (53248K), 4 survivors (4096K)
 Metaspace       used 26336K, capacity 26986K, committed 27184K, reserved 1073152K
  class space    used 3369K, capacity 3587K, committed 3712K, reserved 1048576K
}
Event: 6.200 GC heap after
{Heap after GC invocations=7 (full 0):
 garbage-first heap   total 131072K, used 17683K [0x00000000a0000000, 0x0000000100000000)
  region size 1024K, 5 young (5120K), 5 survivors (5120K)
 Metaspace       used 26336K, capacity 26986K, committed 27184K, reserved 1073152K
  class space    used 3369K, capacity 3587K, committed 3712K, reserved 1048576K
}

